<?xml version="1.0" encoding="UTF-8"?>
<testng-results ignored="0" total="1" passed="1" failed="0" skipped="0">
  <reporter-output>
  </reporter-output>
  <suite started-at="2021-07-05T10:05:56 IST" name="Default suite" finished-at="2021-07-05T10:06:02 IST" duration-ms="6099">
    <groups>
    </groups>
    <test started-at="2021-07-05T10:05:56 IST" name="Default test" finished-at="2021-07-05T10:06:02 IST" duration-ms="6099">
      <class name="zephyrsquad.jenkins.firstTest">
        <test-method signature="firsttest()[pri:0, instance:zephyrsquad.jenkins.firstTest@313b2ea6]" started-at="2021-07-05T10:05:56 IST" name="firsttest" finished-at="2021-07-05T10:06:02 IST" duration-ms="6068" status="PASS">
          <reporter-output>
          </reporter-output>
        </test-method> <!-- firsttest -->
      </class> <!-- zephyrsquad.jenkins.firstTest -->
    </test> <!-- Default test -->
  </suite> <!-- Default suite -->
</testng-results>
